[    0.000000] Initializing cgroup subsys cpuset
[    0.000000] Initializing cgroup subsys cpu
[    0.000000] Initializing cgroup subsys cpuacct
[    0.000000] Linux version 4.4.0-137-generic (buildd@lgw01-amd64-037) (gcc version 5.4.0 20160609 (Ubuntu 5.4.0-6ubuntu1~16.04.10) ) #163-Ubuntu SMP Mon Sep 24 13:14:43 UTC 2018 (Ubuntu 4.4.0-137.163-generic 4.4.144)
[    0.000000] Command line: BOOT_IMAGE=/boot/vmlinuz-4.4.0-137-generic root=LABEL=cloudimg-rootfs ro console=tty1 console=ttyS0
[    0.000000] KERNEL supported cpus:
[    0.000000]   Intel GenuineIntel
[    0.000000]   AMD AuthenticAMD
[    0.000000]   Centaur CentaurHauls
[    0.000000] x86/fpu: xstate_offset[2]:  576, xstate_sizes[2]:  256
[    0.000000] x86/fpu: Supporting XSAVE feature 0x01: 'x87 floating point registers'
[    0.000000] x86/fpu: Supporting XSAVE feature 0x02: 'SSE registers'
[    0.000000] x86/fpu: Supporting XSAVE feature 0x04: 'AVX registers'
[    0.000000] x86/fpu: Enabled xstate features 0x7, context size is 832 bytes, using 'standard' format.
[    0.000000] e820: BIOS-provided physical RAM map:
[    0.000000] BIOS-e820: [mem 0x0000000000000000-0x000000000009fbff] usable
[    0.000000] BIOS-e820: [mem 0x000000000009fc00-0x000000000009ffff] reserved
[    0.000000] BIOS-e820: [mem 0x00000000000f0000-0x00000000000fffff] reserved
[    0.000000] BIOS-e820: [mem 0x0000000000100000-0x000000001ffeffff] usable
[    0.000000] BIOS-e820: [mem 0x000000001fff0000-0x000000001fffffff] ACPI data
[    0.000000] BIOS-e820: [mem 0x00000000fec00000-0x00000000fec00fff] reserved
[    0.000000] BIOS-e820: [mem 0x00000000fee00000-0x00000000fee00fff] reserved
[    0.000000] BIOS-e820: [mem 0x00000000fffc0000-0x00000000ffffffff] reserved
[    0.000000] NX (Execute Disable) protection: active
[    0.000000] SMBIOS 2.5 present.
[    0.000000] Hypervisor detected: KVM
[    0.000000] e820: last_pfn = 0x1fff0 max_arch_pfn = 0x400000000
[    0.000000] MTRR: Disabled
[    0.000000] x86/PAT: MTRRs disabled, skipping PAT initialization too.
[    0.000000] CPU MTRRs all blank - virtualized system.
[    0.000000] x86/PAT: Configuration [0-7]: WB  WT  UC- UC  WB  WT  UC- UC  
[    0.000000] found SMP MP-table at [mem 0x0009fff0-0x0009ffff] mapped at [ffff88000009fff0]
[    0.000000] Scanning 1 areas for low memory corruption
[    0.000000] RAMDISK: [mem 0x1e997000-0x1f809fff]
[    0.000000] ACPI: Early table checksum verification disabled
[    0.000000] ACPI: RSDP 0x00000000000E0000 000024 (v02 VBOX  )
[    0.000000] ACPI: XSDT 0x000000001FFF0030 00003C (v01 VBOX   VBOXXSDT 00000001 ASL  00000061)
[    0.000000] ACPI: FACP 0x000000001FFF00F0 0000F4 (v04 VBOX   VBOXFACP 00000001 ASL  00000061)
[    0.000000] ACPI: DSDT 0x000000001FFF0470 0021FF (v02 VBOX   VBOXBIOS 00000002 INTL 20180629)
[    0.000000] ACPI: FACS 0x000000001FFF0200 000040
[    0.000000] ACPI: FACS 0x000000001FFF0200 000040
[    0.000000] ACPI: APIC 0x000000001FFF0240 000054 (v02 VBOX   VBOXAPIC 00000001 ASL  00000061)
[    0.000000] ACPI: SSDT 0x000000001FFF02A0 0001CC (v01 VBOX   VBOXCPUT 00000002 INTL 20180629)
[    0.000000] No NUMA configuration found
[    0.000000] Faking a node at [mem 0x0000000000000000-0x000000001ffeffff]
[    0.000000] NODE_DATA(0) allocated [mem 0x1ffeb000-0x1ffeffff]
[    0.000000] kvm-clock: Using msrs 4b564d01 and 4b564d00
[    0.000000] kvm-clock: cpu 0, msr 0:1ffe3001, primary cpu clock
[    0.000000] kvm-clock: using sched offset of 3282697202 cycles
[    0.000000] clocksource: kvm-clock: mask: 0xffffffffffffffff max_cycles: 0x1cd42e4dffb, max_idle_ns: 881590591483 ns
[    0.000000] Zone ranges:
[    0.000000]   DMA      [mem 0x0000000000001000-0x0000000000ffffff]
[    0.000000]   DMA32    [mem 0x0000000001000000-0x000000001ffeffff]
[    0.000000]   Normal   empty
[    0.000000]   Device   empty
[    0.000000] Movable zone start for each node
[    0.000000] Early memory node ranges
[    0.000000]   node   0: [mem 0x0000000000001000-0x000000000009efff]
[    0.000000]   node   0: [mem 0x0000000000100000-0x000000001ffeffff]
[    0.000000] Initmem setup node 0 [mem 0x0000000000001000-0x000000001ffeffff]
[    0.000000] ACPI: PM-Timer IO Port: 0x4008
[    0.000000] IOAPIC[0]: apic_id 1, version 32, address 0xfec00000, GSI 0-23
[    0.000000] ACPI: INT_SRC_OVR (bus 0 bus_irq 0 global_irq 2 dfl dfl)
[    0.000000] ACPI: INT_SRC_OVR (bus 0 bus_irq 9 global_irq 9 low level)
[    0.000000] Using ACPI (MADT) for SMP configuration information
[    0.000000] smpboot: Allowing 1 CPUs, 0 hotplug CPUs
[    0.000000] PM: Registered nosave memory: [mem 0x00000000-0x00000fff]
[    0.000000] PM: Registered nosave memory: [mem 0x0009f000-0x0009ffff]
[    0.000000] PM: Registered nosave memory: [mem 0x000a0000-0x000effff]
[    0.000000] PM: Registered nosave memory: [mem 0x000f0000-0x000fffff]
[    0.000000] e820: [mem 0x20000000-0xfebfffff] available for PCI devices
[    0.000000] Booting paravirtualized kernel on KVM
[    0.000000] clocksource: refined-jiffies: mask: 0xffffffff max_cycles: 0xffffffff, max_idle_ns: 7645519600211568 ns
[    0.000000] setup_percpu: NR_CPUS:512 nr_cpumask_bits:512 nr_cpu_ids:1 nr_node_ids:1
[    0.000000] PERCPU: Embedded 34 pages/cpu @ffff88001fc00000 s99608 r8192 d31464 u2097152
[    0.000000] PV qspinlock hash table entries: 256 (order: 0, 4096 bytes)
[    0.000000] Built 1 zonelists in Node order, mobility grouping on.  Total pages: 128888
[    0.000000] Policy zone: DMA32
[    0.000000] Kernel command line: BOOT_IMAGE=/boot/vmlinuz-4.4.0-137-generic root=LABEL=cloudimg-rootfs ro console=tty1 console=ttyS0
[    0.000000] PID hash table entries: 2048 (order: 2, 16384 bytes)
[    0.000000] Memory: 481764K/523832K available (8555K kernel code, 1314K rwdata, 4004K rodata, 1528K init, 1316K bss, 42068K reserved  0K cma-reserved)
[    0.000000] SLUB: HWalign=64, Order=0-3, MinObjects=0, CPUs=1, Nodes=1
[    0.000000] Kernel/User page tables isolation: enabled
[    0.000000] Hierarchical RCU implementation.
[    0.000000] 	Build-time adjustment of leaf fanout to 64.
[    0.000000] 	RCU restricting CPUs from NR_CPUS=512 to nr_cpu_ids=1.
[    0.000000] RCU: Adjusting geometry for rcu_fanout_leaf=64, nr_cpu_ids=1
[    0.000000] NR_IRQS:33024 nr_irqs:256 16
[    0.000000] Console: colour VGA+ 80x25
[    0.000000] console [tty1] enabled
[    0.000000] console [ttyS0] enabled
[    0.000000] tsc: Detected 2807.998 MHz processor
[    0.333770] Calibrating delay loop (skipped) preset value.. 5615.99 BogoMIPS (lpj=11231992)
[    0.335210] pid_max: default: 32768 minimum: 301
[    0.335906] ACPI: Core revision 20150930
[    0.337341] ACPI: 2 ACPI AML tables successfully acquired and loaded
[    0.338326] Security Framework initialized
[    0.338987] Yama: becoming mindful.
[    0.339565] AppArmor: AppArmor initialized
[    0.340274] Dentry cache hash table entries: 65536 (order: 7, 524288 bytes)
[    0.341298] Inode-cache hash table entries: 32768 (order: 6, 262144 bytes)
[    0.342273] Mount-cache hash table entries: 1024 (order: 1, 8192 bytes)
[    0.343179] Mountpoint-cache hash table entries: 1024 (order: 1, 8192 bytes)
[    0.344233] Initializing cgroup subsys io
[    0.344918] Initializing cgroup subsys memory
[    0.345607] Initializing cgroup subsys devices
[    0.346301] Initializing cgroup subsys freezer
[    0.347012] Initializing cgroup subsys net_cls
[    0.347702] Initializing cgroup subsys perf_event
[    0.348369] Initializing cgroup subsys net_prio
[    0.349110] Initializing cgroup subsys hugetlb
[    0.349846] Initializing cgroup subsys pids
[    0.351743] mce: CPU supports 0 MCE banks
[    0.352475] process: using mwait in idle threads
[    0.353172] Last level iTLB entries: 4KB 64, 2MB 8, 4MB 8
[    0.353970] Last level dTLB entries: 4KB 64, 2MB 0, 4MB 0, 1GB 4
[    0.354818] Spectre V2 : Mitigation: Full generic retpoline
[    0.355601] Spectre V2 : Spectre v2 mitigation: Speculation control IBPB not-supported IBRS not-supported
[    0.356782] Spectre V2 : Spectre v2 / SpectreRSB mitigation: Filling RSB on context switch
[    0.358246] Speculative Store Bypass: Vulnerable
[    0.376696] Freeing SMP alternatives memory: 32K
[   0.38404] fftrce: llocatin 32265 entries in 127 paes
[    0.610917] smpboot: APIC(0) Converting physical 0 to logical package 0
[    0.629639] smpboot: Max logical packages: 1
[    0.630517] x2apic enabled
[    0.631422] Switched APIC routing to physical x2apic.
[    0.633203] ..TIMER: vector=0x30 apic1=0 pin1=2 apic2=-1 pin2=-1
[    0.741533] smpboot: CPU0: Intel(R) Core(TM) i7-7700HQ CPU @ 2.80GHz (family: 0x6, model: 0x9e, stepping: 0x9)
[    0.760516] Performance Events: unsupported p6 CPU model 158 no PMU driver, software events only.
[    0.762107] KVM setup paravirtual spinlock
[    0.763357] x86: Booted up 1 node, 1 CPUs
[    0.764051] smpboot: Total of 1 processors activated (5615.99 BogoMIPS)
[    0.765182] devtmpfs: initialized
[    0.767108] evm: security.selinux
[    0.767714] evm: security.SMACK64
[    0.768314] evm: security.SMACK64EXEC
[    0.768994] evm: security.SMACK64TRANSMUTE
[    0.769690] evm: security.SMACK64MMAP
[    0.770323] evm: security.ima
[    0.770967] evm: security.capability
[    0.771705] clocksource: jiffies: mask: 0xffffffff max_cycles: 0xffffffff, max_idle_ns: 7645041785100000 ns
[    0.773129] futex hash table entries: 256 (order: 2, 16384 bytes)
[    0.774125] pinctrl core: initialized pinctrl subsystem
[    0.775027] RTC time: 18:32:49, date: 10/16/18
[    0.775904] NET: Registered protocol family 16
[    0.776792] cpuidle: using governor ladder
[    0.777426] cpuidle: using governor menu
[    0.778094] PCCT header not found.
[    0.778817] ACPI: bus type PCI registered
[    0.779500] acpiphp: ACPI Hot Plug PCI Controller Driver version: 0.5
[    0.780471] PCI: Using configuration type 1 for base access
[    0.782773] ACPI: Added _OSI(Module Device)
[    0.783455] ACPI: Added _OSI(Processor Device)
[    0.784171] ACPI: Added _OSI(3.0 _SCP Extensions)
[    0.784901] ACPI: Added _OSI(Processor Aggregator Device)
[    0.786256] ACPI: Executed 1 blocks of module-level executable AML code
[    0.788910] ACPI: Interpreter enabled
[    0.789589] ACPI: (supports S0 S5)
[    0.790238] ACPI: Using IOAPIC for interrupt routing
[    0.791207] PCI: Using host bridge windows from ACPI; if necessary, use "pci=nocrs" and report a bug
[    0.795357] ACPI: PCI Root Bridge [PCI0] (domain 0000 [bus 00-ff])
[    0.796276] acpi PNP0A03:00: _OSC: OS supports [ASPM ClockPM Segments MSI]
[    0.797222] acpi PNP0A03:00: _OSC: not requesting OS control; OS requires [ExtendedConfig ASPM ClockPM MSI]
[    0.798654] acpi PNP0A03:00: fail to add MMCONFIG information, can't access extended PCI configuration space under this bridge.
[    0.800504] PCI host bridge to bus 0000:00
[    0.801207] pci_bus 0000:00: root bus resource [io  0x0000-0x0cf7 window]
[    0.802168] pci_bus 0000:00: root bus resource [io  0x0d00-0xffff window]
[    0.803063] pci_bus 0000:00: root bus resource [mem 0x000a0000-0x000bffff window]
[    0.804256] pci_bus 0000:00: root bus resource [mem 0x20000000-0xfdffffff window]
[    0.805659] pci_bus 0000:00: root bus resource [bus 00-ff]
[    0.817200] pci 0000:00:01.1: legacy IDE quirk: reg 0x10: [io  0x01f0-0x01f7]
[    0.818305] pci 0000:00:01.1: legacy IDE quirk: reg 0x14: [io  0x03f6]
[    0.819339] pci 0000:00:01.1: legacy IDE quirk: reg 0x18: [io  0x0170-0x0177]
[    0.820453] pci 0000:00:01.1: legacy IDE quirk: reg 0x1c: [io  0x0376]
[    0.828827] pci 0000:00:07.0: quirk: [io  0x4000-0x403f] claimed by PIIX4 ACPI
[    0.837381] pci 0000:00:07.0: quirk: [io  0x4100-0x410f] claimed by PIIX4 SMB
[    0.842759] ACPI: PCI Interrupt Link [LNKA] (IRQs 5 9 10 *11)
[    0.844506] ACPI: PCI Interrupt Link [LNKB] (IRQs 5 9 *10 11)
[    0.846105] ACPI: PCI Interrupt Link [LNKC] (IRQs 5 *9 10 11)
[    0.847442] ACPI: PCI Interrupt Link [LNKD] (IRQs 5 9 10 *11)
[    0.848838] ACPI: Enabled 2 GPEs in block 00 to 07
[    0.849857] vgaarb: setting as boot device: PCI:0000:00:02.0
[    0.850644] vgaarb: device added: PCI:0000:00:02.0,decodes=io+mem,owns=io+mem,locks=none
[    0.851890] vgaarb: loaded
[    0.859192] vgaarb: bridge control possible 0000:00:02.0
[    0.863051] SCSI subsystem initialized
[    0.863844] ACPI: bus type USB registered
[    0.864595] usbcore: registered new interface driver usbfs
[    0.865494] usbcore: registered new interface driver hub
[    0.866350] usbcore: registered new device driver usb
[    0.867212] PCI: Using ACPI for IRQ routing
[    0.868209] NetLabel: Initializing
[    0.868800] NetLabel:  domain hash size = 128
[    0.869527] NetLabel:  protocols = UNLABELED CIPSOv4
[    0.870280] NetLabel:  unlabeled traffic allowed by default
[    0.871176] amd_nb: Cannot enumerate AMD northbridges
[    0.871953] clocksource: Switched to clocksource kvm-clock
[    0.877037] AppArmor: AppArmor Filesystem Enabled
[    0.877867] pnp: PnP ACPI init
[    0.879014] pnp: PnP ACPI: found 3 devices
[    0.885237] clocksource: acpi_pm: mask: 0xffffff max_cycles: 0xffffff, max_idle_ns: 2085701024 ns
[    0.886664] NET: Registered protocol family 2
[    0.887540] TCP established hash table entries: 4096 (order: 3, 32768 bytes)
[    0.888537] TCP bind hash table entries: 4096 (order: 4, 65536 bytes)
[    0.889572] TCP: Hash tables configured (established 4096 bind 4096)
[    0.890476] UDP hash table entries: 256 (order: 1, 8192 bytes)
[    0.891416] UDP-Lite hash table entries: 256 (order: 1, 8192 bytes)
[    0.893116] NET: Registered protocol family 1
[    0.894674] pci 0000:00:00.0: Limiting direct PCI/PCI transfers
[    0.895717] pci 0000:00:01.0: Activating ISA DMA hang workarounds
[    0.896688] Unpacking initramfs...
[    1.068021] Freeing initrd memory: 14796K
[    1.079367] platform rtc_cmos: registered platform RTC device (no PNP device found)
[    1.080602] Scanning for low memory corruption every 60 seconds
[    1.100589] audit: initializing netlink subsys (disabled)
[    1.101572] audit: type=2000 audit(1539714773.009:1): initialized
[    1.102947] Initialise system trusted keyring
[    1.103887] HugeTLB registered 2 MB page size, pre-allocated 0 pages
[    1.105980] zbud: loaded
[    1.106945] VFS: Disk quotas dquot_6.6.0
[    1.107769] VFS: Dquot-cache hash table entries: 512 (order 0, 4096 bytes)
[    1.109251] squashfs: version 4.0 (2009/01/31) Phillip Lougher
[    1.110537] fuse init (API version 7.23)
[    1.111390] Key type big_key registered
[    1.112254] Allocating IMA MOK and blacklist keyrings.
[    1.113410] Key type asymmetric registered
[    1.114229] Asymmetric key parser 'x509' registered
[    1.115143] Block layer SCSI generic (bsg) driver version 0.4 loaded (major 249)
[    1.116508] io scheduler noop registered
[    1.117313] io scheduler deadline registered (default)
[    1.118289] io scheduler cfq registered
[    1.119222] pci_hotplug: PCI Hot Plug PCI Core version: 0.5
[    1.120479] pciehp: PCI Express Hot Plug Controller Driver version: 0.4
[    1.121558] ACPI: AC Adapter [AC] (on-line)
[    1.122371] input: Power Button as /devices/LNXSYSTM:00/LNXPWRBN:00/input/input0
[    1.123657] ACPI: Power Button [PWRF]
[    1.124499] input: Sleep Button as /devices/LNXSYSTM:00/LNXSLPBN:00/input/input1
[    1.125740] ACPI: Sleep Button [SLPF]
[    1.126953] ACPI: Battery Slot [BAT0] (battery present)
[    1.127732] GHES: HEST is not enabled!
[    1.128470] Serial: 8250/16550 driver, 32 ports, IRQ sharing enabled
[    1.151114] 00:02: ttyS0 at I/O 0x3f8 (irq = 4, base_baud = 115200) is a 16550A
[    1.153399] Linux agpgart interface v0.103
[    1.154911] loop: module loaded
[    1.156377] scsi host0: ata_piix
[    1.157052] scsi host1: ata_piix
[    1.157691] ata1: PATA max UDMA/33 cmd 0x1f0 ctl 0x3f6 bmdma 0xd000 irq 14
[    1.158769] ata2: PATA max UDMA/33 cmd 0x170 ctl 0x376 bmdma 0xd008 irq 15
[    1.160315] libphy: Fixed MDIO Bus: probed
[    1.161112] tun: Universal TUN/TAP device driver, 1.6
[    1.161972] tun: (C) 1999-2004 Max Krasnyansky <maxk@qualcomm.com>
[    1.162926] PPP generic driver version 2.4.2
[    1.163733] ehci_hcd: USB 2.0 'Enhanced' Host Controller (EHCI) Driver
[    1.164801] ehci-pci: EHCI PCI platform driver
[    1.165609] ehci-platform: EHCI generic platform driver
[    1.166452] ohci_hcd: USB 1.1 'Open' Host Controller (OHCI) Driver
[    1.167330] ohci-pci: OHCI PCI platform driver
[    1.168130] ohci-platform: OHCI generic platform driver
[    1.169020] uhci_hcd: USB Universal Host Controller Interface driver
[    1.170006] i8042: PNP: PS/2 Controller [PNP0303:PS2K,PNP0f03:PS2M] at 0x60,0x64 irq 1,12
[    1.171844] serio: i8042 KBD port at 0x60,0x64 irq 1
[    1.172621] serio: i8042 AUX port at 0x60,0x64 irq 12
[    1.173524] mousedev: PS/2 mouse device common for all mice
[    1.174631] input: AT Translated Set 2 keyboard as /devices/platform/i8042/serio0/input/input2
[    1.176243] rtc_cmos rtc_cmos: rtc core: registered rtc_cmos as rtc0
[    1.177132] rtc_cmos rtc_cmos: alarms up to one day, 114 bytes nvram
[    1.178006] i2c /dev entries driver
[    1.178621] device-mapper: uevent: version 1.0.3
[    1.179360] device-mapper: ioctl: 4.34.0-ioctl (2015-10-28) initialised: dm-devel@redhat.com
[    1.180816] ledtrig-cpu: registered to indicate activity on CPUs
[    1.181989] NET: Registered protocol family 10
[    1.182870] NET: Registered protocol family 17
[    1.183632] Key type dns_resolver registered
[    1.184546] registered taskstats version 1
[    1.185278] Loading compiled-in X.509 certificates
[    1.186548] Loaded X.509 cert 'Build time autogenerated kernel key: 20acc96b50ca7641011eace69d32209215a9b56f'
[    1.188125] zswap: loaded using pool lzo/zbud
[    1.189988] Key type trusted registered
[    1.192611] Key type encrypted registered
[    1.193475] AppArmor: AppArmor sha1 policy hashing enabled
[    1.194474] ima: No TPM chip found, activating TPM-bypass!
[    1.195474] ima: Allocated hash algorithm: sha1
[    1.196323] evm: HMAC attrs: 0x1
[    1.197152]   Magic number: 6:614:544
[    1.197937] tty ttyS20: hash matches
[    1.198642] rtc_cmos rtc_cmos: setting system clock to 2018-10-16 18:32:49 UTC (1539714769)
[    1.200118] BIOS EDD facility v0.16 2004-Jun-25, 0 devices found
[    1.201157] EDD information not available.
[    1.318884] Freeing unused kernel memory: 1528K
[    1.321984] Write protecting the kernel read-only data: 14336k
[    1.326533] Freeing unused kernel memory: 1672K
[    1.330000] Freeing unused kernel memory: 92K
Loading, please wait...
starting version 229
[    1.361970] random: udevadm: uninitialized urandom read (16 bytes read, 3 bits of entropy available)
[    1.364342] random: udevadm: uninitialized urandom read (16 bytes read, 3 bits of entropy available)
[    1.367067] random: systemd-udevd: uninitialized urandom read (16 bytes read, 3 bits of entropy available)
[    1.396383] random: udevadm: uninitialized urandom read (16 bytes read, 3 bits of entropy available)
[    1.398282] random: udevadm: uninitialized urandom read (16 bytes read, 3 bits of entropy available)
[    1.399955] random: udevadm: uninitialized urandom read (16 bytes read, 3 bits of entropy available)
[    1.401659] random: udevadm: uninitialized urandom read (16 bytes read, 3 bits of entropy available)
[    1.403287] random: udevadm: uninitialized urandom read (16 bytes read, 3 bits of entropy available)
[    1.405028] random: systemd-udevd: uninitialized urandom read (16 bytes read, 3 bits of entropy available)
[    1.406684] random: systemd-udevd: uninitialized urandom read (16 bytes read, 3 bits of entropy available)
[    1.456585] e1000: Intel(R) PRO/1000 Network Driver - version 7.3.21-k8-NAPI
[    1.457870] e1000: Copyright (c) 1999-2006 Intel Corporation.
[    1.462473] Fusion MPT base driver 3.04.20
[    1.463258] Copyright (c) 1999-2008 LSI Corporation
[    1.474429] Fusion MPT SPI Host driver 3.04.20
[    1.496491] AVX2 version of gcm_enc/dec engaged.
[    1.497364] AES CTR mode by8 optimization enabled
[    1.674211] input: ImExPS/2 Generic Explorer Mouse as /devices/platform/i8042/serio1/input/input4
[    1.821305] e1000 0000:00:03.0 eth0: (PCI:33MHz:32-bit) 02:5a:4b:c7:3e:fa
[    1.823790] e1000 0000:00:03.0 eth0: Intel(R) PRO/1000 Network Connection
[    1.826981] mptbase: ioc0: Initiating bringup
[    1.888466] ioc0: LSI53C1030 A0: Capabilities={Initiator}
[    2.051918] scsi host2: ioc0: LSI53C1030 A0, FwRev=00000000h, Ports=1, MaxQ=256, IRQ=20
[    2.076137] tsc: Refined TSC clocksource calibration: 2808.883 MHz
[    2.079931] clocksource: tsc: mask: 0xffffffffffffffff max_cycles: 0x287d0823fc8, max_idle_ns: 440795282805 ns
[    2.174388] scsi 2:0:0:0: Direct-Access     VBOX     HARDDISK         1.0  PQ: 0 ANSI: 5
[    2.191362] scsi target2:0:0: Beginning Domain Validation
[    2.261601] scsi target2:0:0: Domain Validation skipping write tests
[    2.270102] scsi target2:0:0: Ending Domain Validation
[    2.279201] scsi target2:0:0: asynchronous
[    2.346594] scsi 2:0:1:0: Direct-Access     VBOX     HARDDISK         1.0  PQ: 0 ANSI: 5
[    2.454438] scsi target2:0:1: Beginning Domain Validation
[    2.564988] scsi target2:0:1: Domain Validation skipping write tests
[    2.639926] scsi target2:0:1: Ending Domain Validation
[    2.672404] scsi target2:0:1: asynchronous
[    2.683372] sd 2:0:0:0: Attached scsi generic sg0 type 0
[    2.684396] sd 2:0:0:0: [sda] 20971520 512-byte logical blocks: (10.7 GB/10.0 GiB)
[    2.686516] sd 2:0:1:0: [sdb] 20480 512-byte logical blocks: (10.5 MB/10.0 MiB)
[    2.688258] sd 2:0:1:0: Attached scsi generic sg1 type 0
[    2.689666] sd 2:0:1:0: [sdb] Write Protect is off
[    2.690713] sd 2:0:0:0: [sda] Write Protect is off
[    2.691953] sd 2:0:0:0: [sda] Incomplete mode parameter data
[    2.693154] sd 2:0:0:0: [sda] Assuming drive cache: write through
[    2.694408] sd 2:0:1:0: [sdb] Incomplete mode parameter data
[    2.695479] sd 2:0:1:0: [sdb] Assuming drive cache: write through
[    2.698130]  sda: sda1
[    2.699282] sd 2:0:0:0: [sda] Attached SCSI disk
[    2.704343] sd 2:0:1:0: [sdb] Attached SCSI disk
[    2.718046] e1000 0000:00:08.0 eth1: (PCI:33MHz:32-bit) 08:00:27:08:ca:c4
[    2.739757] e1000 0000:00:08.0 eth1: Intel(R) PRO/1000 Network Connection
[    2.741595] e1000 0000:00:08.0 enp0s8: renamed from eth1
[    2.745335] e1000 0000:00:03.0 enp0s3: renamed from eth0
Begin: Loading e[    3.983182] md: linear personality registered for level -1
ssential drivers ... [    4.093161] md: multipath personality registered for level -4
[    4.132286] md: raid0 personality registered for level 0
[    4.172380] md: raid1 personality registered for level 1
[    4.328847] raid6: sse2x1   gen() 11375 MB/s
[    4.408842] raid6: sse2x1   xor()  9811 MB/s
[    4.638817] raid6: sse2x2   gen() 17165 MB/s
[    4.808826] raid6: sse2x2   xor() 11978 MB/s
[    4.938786] raid6: sse2x4   gen() 19500 MB/s
[    5.208826] raid6: sse2x4   xor() 13122 MB/s
[    5.348828] raid6: avx2x1   gen() 26681 MB/s
[    5.468841] raid6: avx2x2   gen() 27573 MB/s
[    5.568838] raid6: avx2x4   gen() 32244 MB/s
[    5.569669] raid6: using algorithm avx2x4 gen() 32244 MB/s
[    5.570583] raid6: using avx2x2 recovery algorithm
[    5.573238] xor: automatically using best checksumming function:
[    5.668831]    avx       : 79228.000 MB/sec
[    5.671729] async_tx: api initialized (async)
[    5.682620] md: raid6 personality registered for level 6
[    5.683652] md: raid5 personality registered for level 5
[    5.684623] md: raid4 personality registered for level 4
[    5.690223] md: raid10 personality registered for level 10
done.
Begin: Running /scripts/init-premount ... done.
Begin: Mounting root file system ... Begin: Running /scripts/local-top ... done.
Begin: Running /scripts/local-premount ... [    5.721031] Btrfs loaded
Scanning for Btrfs filesystems
done.
Warning: fsck [    5.750054] EXT4-fs (sda1): mounted filesystem with ordered data mode. Opts: (null)
not present, so skipping root file system
done.
Begin: Running /scripts/local-bottom ... done.
Begin: Running /scripts/init-bottom ... done.
[    5.919423] systemd[1]: systemd 229 running in system mode. (+PAM +AUDIT +SELINUX +IMA +APPARMOR +SMACK +SYSVINIT +UTMP +LIBCRYPTSETUP +GCRYPT +GNUTLS +ACL +XZ -LZ4 +SECCOMP +BLKID +ELFUTILS +KMOD -IDN)
[    5.942359] systemd[1]: Detected virtualization oracle.
[    5.960215] systemd[1]: Detected architecture x86-64.

Welcome to [1mUbuntu 16.04.5 LTS[0m!

[    5.970473] systemd[1]: Set hostname to <ubuntu>.
[    5.974055] systemd[1]: Initializing machine ID from random generator.
[    5.975800] systemd[1]: Installed transient /etc/machine-id file.
[    6.141246] systemd[1]: Created slice System Slice.
[[0;32m  OK  [0m] Created slice System Slice.
[    6.144056] systemd[1]: Listening on Syslog Socket.
[[0;32m  OK  [0m] Listening on Syslog Socket.
[    6.208378] systemd[1]: Listening on LVM2 metadata daemon socket.
[[0;32m  OK  [0m] Listening on LVM2 metadata daemon socket.
[    6.226778] systemd[1]: Reached target User and Group Name Lookups.
[[0;32m  OK  [0m] Reached target User and Group Name Lookups.
[    6.229563] systemd[1]: Listening on LVM2 poll daemon socket.
[[0;32m  OK  [0m] Listening on LVM2 poll daemon socket.
[    6.232094] systemd[1]: Listening on udev Kernel Socket.
[[0;32m  OK  [0m] Listening on udev Kernel Socket.
[    6.234452] systemd[1]: Created slice User and Session Slice.
[[0;32m  OK  [0m] Created slice User and Session Slice.
[    6.236866] systemd[1]: Started Forward Password Requests to Wall Directory Watch.
[[0;32m  OK  [0m] Started Forward Password Requests to Wall Directory Watch.
[    6.239775] systemd[1]: Listening on Journal Socket (/dev/log).
[[0;32m  OK  [0m] Listening on Journal Socket (/dev/log).
[    6.262203] systemd[1]: Listening on Journal Audit Socket.
[[0;32m  OK  [0m] Listening on Journal Audit Socket.
[    6.284927] systemd[1]: Listening on Journal Socket.
[[0;32m  OK  [0m] Listening on Journal Socket.
[    6.289091] systemd[1]: Starting Load Kernel Modules...
         Starting Load Kernel Modules...
[    6.300012] systemd[1]: Mounting Huge Pages File System...
[    6.303253] Loading iSCSI transport class v2.0-870.
         Mounting Huge Pages File System.[    6.317436] iscsi: registered transport (tcp)
..
[    6.320677] systemd[1]: Mounting POSIX Message Queue File System...
         Mounting POSIX Message Queue File System...
[    6.323528] systemd[1]: Starting Nameserver information manager..
         [    6.384262] iscsi: registered transport (iser)
Starting Nameserver information manager...
[    6.450928] systemd[1]: Mounting Debug File System...
         Mounting Debug File System...
[    6.457956] systemd[1]: Starting Journal Service...
         Starting Journal Service...
[    6.493751] systemd[1]: Starting Create list of required static device nodes for the current kernel...
         Starting Create list of required st... nodes for the current kernel...
[    6.567314] systemd[1]: Reached target Slices.
[[0;32m  OK  [0m] Reached target Slices.
[    6.632590] systemd[1]: Starting Uncomplicated firewall...
         Starting Uncomplicated firewall...[    6.651347] random: nonblocking pool is initialized

[    6.654938] systemd[1]: Starting Remount Root and Kernel File Systems...
         Starting Remount Root and Kernel File Systems...[    6.662944] EXT4-fs (sda1): re-mounted. Opts: (null)

[    6.664565] systemd[1]: Started Trigger resolvconf update for networkd DNS.
[[0;32m  OK  [0m] Started Trigger resolvconf update for networkd DNS.
[    6.669101] systemd[1]: Reached target System Time Synchronized.
[[0;32m  OK  [0m] Reached target System Time Synchronized.
[    6.674119] systemd[1]: Set up automount Arbitrary Executable File Formats File System Automount Point.
[[0;32m  OK  [0m] Set up automount Arbitrary Executab...ats File System Automount Point.
[    6.744780] systemd[1]: Listening on Device-mapper event daemon FIFOs.
[[0;32m  OK  [0m] Listening on Device-mapper event daemon FIFOs.
[    6.747596] systemd[1]: Starting Monitoring of LVM2 mirrors, snapshots etc. using dmeventd or progress polling...
         Starting Monitoring of LVM2 mirrors... dmeventd or progress polling...
[    6.751163] systemd[1]: Listening on udev Control Socket.
[[0;32m  OK  [0m] Listening on udev Control Socket.
[    6.760790] systemd[1]: Created slice system-serial\x2dgetty.slice.
[[0;32m  OK  [0m] Created slice system-serial\x2dgetty.slice.
[    6.780589] systemd[1]: Starting Set console keymap...
         Starting Set console keymap...
[    6.904401] systemd[1]: Reached target Encrypted Volumes.
[[0;32m  OK  [0m] Reached target Encrypted Volumes.
[    6.912355] systemd[1]: Reached target Swap.
[[0;32m  OK  [0m] Reached target Swap.
[    6.916756] systemd[1]: Listening on /dev/initctl Compatibility Named Pipe.
[[0;32m  OK  [0m] Listening on /dev/initctl Compatibility Named Pipe.
[    6.921240] systemd[1]: Mounted POSIX Message Queue File System.
[[0;32m  OK  [0m] Mounted POSIX Message Queue File System.
[    6.923638] systemd[1]: Mounted Debug File System.
[[0;32m  OK  [0m] Mounted Debug File System.
[    6.931344] systemd[1]: Mounted Huge Pages File System.
[[0;32m  OK  [0m] Mounted Huge Pages File System.
[    6.950286] systemd[1]: Started Journal Service.
[[0;32m  OK  [0m] Started Journal Service.
[[0;32m  OK  [0m] Started Load Kernel Modules.
[[0;32m  OK  [0m] Started Create list of required sta...ce nodes for the current kernel.
[[0;32m  OK  [0m] Started Uncomplicated firewall.
[[0;32m  OK  [0m] Started Remount Root and Kernel File Systems.
[[0;32m  OK  [0m] Started Set console keymap.
[[0;32m  OK  [0m] Started Nameserver information manager.
[[0;32m  OK  [0m] Started LVM2 metadata daemon.
         Starting udev Coldplug all Devices...
         Starting Load/Save Random Seed...
         Starting Create Static Device Nodes in /dev...
         Starting Apply Kernel Variables...
         Mounting FUSE Control File System...
         Starting Flush Journal to Persistent Storage...
[[0;32m  OK  [0m] Mounted FUSE Control File System.
[[0;32m  OK  [0m] Started Load/Save Random Seed.
[[0;32m  OK  [0m] Started Apply Kernel Variables.
[[0;32m  OK  [0m] Started Create Static Device Nodes in /dev.
[[0;32m  OK  [0m] Started udev Coldplug all Devices.
[[0;32m  OK  [0m] Started Flush Journal to Persistent Storage.
         Starting udev Kernel Device Manager...
[[0;32m  OK  [0m] Started udev Kernel Device Manager.
[[0;32m  OK  [0m] Started Dispatch Password Requests to Console Directory Watch.
[[0;32m  OK  [0m] Started Monitoring of LVM2 mirrors,...ng dmeventd or progress polling.
[[0;32m  OK  [0m] Found device /dev/ttyS0.
[[0;32m  OK  [0m] Reached target Local File Systems (Pre).
[[0;32m  OK  [0m] Reached target Local File Systems.
         Starting Set console font and keymap...
         Starting Create Volatile Files and Directories...
         Starting Commit a transient machine-id on disk...
         Starting LSB: AppArmor initialization...
         Starting Tell Plymouth To Write Out Runtime Data...
         Starting Initial cloud-init job (pre-networking)...
[[0;32m  OK  [0m] Started Create Volatile Files and Directories.
[[0;32m  OK  [0m] Started Commit a transient machine-id on disk.
[[0;32m  OK  [0m] Started Tell Plymouth To Write Out Runtime Data.
[[0;32m  OK  [0m] Listening on Load/Save RF Kill Switch Status /dev/rfkill Watch.
         Starting Update UTMP about System Boot/Shutdown...
[[0;32m  OK  [0m] Started Update UTMP about System Boot/Shutdown.
[    8.315695] cloud-init[576]: Cloud-init v. 18.3-9-g2e62cb8a-0ubuntu1~16.04.2 running 'init-local' at Tue, 16 Oct 2018 18:32:56 +0000. Up 7.70 seconds.
[[0;32m  OK  [0m] Started Initial cloud-init job (pre-networking).
[[0;32m  OK  [0m] Started Set console font and keymap.
[[0;32m  OK  [0m] Created slice system-getty.slice.
[[0;32m  OK  [0m] Reached target Network (Pre).
[[0;32m  OK  [0m] Started LSB: AppArmor initialization.
         Starting Raise network interfaces...
[[0;32m  OK  [0m] Started Raise network interfaces.
[[0;32m  OK  [0m] Reached target Network.
         Starting Initial cloud-init job (metadata service crawler)...
[    9.683075] cloud-init[937]: Cloud-init v. 18.3-9-g2e62cb8a-0ubuntu1~16.04.2 running 'init' at Tue, 16 Oct 2018 18:32:58 +0000. Up 9.13 seconds.
[    9.689801] cloud-init[937]: ci-info: ++++++++++++++++++++++++++++++++++++++Net device info+++++++++++++++++++++++++++++++++++++++
[    9.691913] cloud-init[937]: ci-info: +--------+-------+----------------------------+---------------+--------+-------------------+
[    9.693516] cloud-init[937]: ci-info: | Device |   Up  |          Address           |      Mask     | Scope  |     Hw-Address    |
[    9.705166] cloud-init[937]: ci-info: +--------+-------+----------------------------+---------------+--------+-------------------+
[[0;32m  OK  [0m] Started Initial cloud-init job (metadata service crawler).
[    9.729823] cloud-init[937]: ci-info: | enp0s3 |  True |         10.0.2.15          | 255.255.255.0 | global | 02:5a:4b:c7:3e:fa |
[[0;32m  OK  [0m] Reached target System Initialization.
[[0;32m  OK  [0m] Listening on ACPID Listen Socket.
[    9.735185] cloud-init[937]: ci-info: | enp0s3 |  True | fe80::5a:4bff:fec7:3efa/64 |       .       |  link  | 02:5a:4b:c7:3e:fa |
[    9.791138]          Starting LXD - unix socket.cloud-init[937]: ci-info: | enp0s8 | False |             .              |       .       |   .    | 08:00:27:08:ca:c4 |

[[0;32m  OK  [0m] Started ACPI Events Check.
[    9.801480] cloud-init[937]: ci-info: |   lo   |  True |         127.0.0.1          |   255.0.0.0   |  host  |         .         |
[    9.807130] cloud-init[937]: ci-info: |   lo   |  True |          ::1/128           |       .       |  host  |         .         |[[0;32m  OK  [0m] Reached target Paths.
         Starting Socket activation for snappy daemon.
[[0;32m  OK  [0m] Started Daily Cleanup of Temporary Directories.
[[0;32m  OK  [0m] Listening on UUID daemon activation socket.
[[0;32m  OK  [0m] Started Daily apt download activities.
[[0;32m  OK  [0m] Listening on D-Bus System Message Bus Socket.
[[0;32m  OK  [0m] Started Daily apt upgrade and clean activities.
[[0;32m  OK  [0m] Reached target Timers.
[[0;32m  OK  [0m] Reached target Network is Online.
         Starting iSCSI initiator daemon (iscsid)...
[[0;32m  OK  [0m] Reached target Cloud-config availability.
[[0;32m  OK  [0m] Listening on LXD - unix socket.
[[0;32m  OK  [0m] Listening on Socket activation for snappy daemon.
[[0;32m  OK  [0m] Reached target Sockets.

[[0;32m  OK  [0m] Reached target Basic System.
[    9.846412] cloud-init[937]: ci-info: +--------+-------+----------------------------+---------------+--------+-------------------+
[    9.848914] cloud-init[937]: ci-info: +++++++++++++++++++++++++++Route IPv4 info++++++++++++++++++++++++++++
[[0;32m  OK  [0m] Started Regular background program processing daemon.[    9.852390] cloud-init[937]: ci-info: +-------+-------------+----------+---------------+-----------+-------+
[    9.854088] cloud-init[937]: ci-info: | Route | Destination | Gateway  |    Genmask    | Interface | Flags |
[    9.855063] cloud-init[937]: ci-info: +-------+-------------+----------+---------------+-----------+-------+
[    9.855103] cloud-init[937]: ci-info: |   0   |   0.0.0.0   | 10.0.2.2 |    0.0.0.0    |   enp0s3  |   UG  |
[    9.855149] cloud-init[937]: ci-info: |   1   |   10.0.2.0  | 0.0.0.0  | 255.255.255.0 |   enp0s3  |   U   |
[    9.855180] cloud-init[937]: ci-info: +-------+-------------+----------+---------------+-----------+-------+
[    9.855214] cloud-init[937]: ci-info: +++++++++++++++++++Route IPv6 info+++++++++++++++++++
[    9.855250] cloud-init[937]: ci-info: +-------+-------------+---------+-----------+-------+
[    9.855279] cloud-init[937]: ci-info: | Route | Destination | Gateway | Interface | Flags |
[    9.855330] cloud-init[937]: ci-info: +-------+-------------+---------+-----------+-------+
[    9.855362] cloud-init[937]: ci-info: |   0   |  fe80::/64  |    ::   |   enp0s3  |   U   |
[    9.855739] cloud-init[937]: ci-info: |   3   |   ff00::/8  |    ::   |   enp0s3  |   U   |
[    9.855788] cloud-init[937]: ci-info: +-------+-------------+---------+-----------+-------+
[    9.855818] cloud-init[937]: Generating public/private rsa key pair.
[    9.855848] cloud-init[937]: Your identification has been saved in /etc/ssh/ssh_host_rsa_key.
[    9.855880] cloud-init[937]: Your public key has been saved in /etc/ssh/ssh_host_rsa_key.pub.
[    9.855912] cloud-init[937]: The key fingerprint is:
[    9.855943] cloud-init[937]: SHA256:BxOYXJN/6RXOjh5Rnt1hn7352JxwrrDuwdT3RtyxG/s root@ubuntu-xenial
[    9.855981] cloud-init[937]: The key's randomart image is:

[    9.861662] cloud-init[937]: +---[RSA 2048]----+
[    9.943511] [[0;32m  OK  [0m] Started Unattended Upgrades Shutdown.
         Starting Accounts Service...
         Starting System Logging Service...
         Starting Virtualbox guest utils...
cloud-init[937]: |     . ++.       |
[[0;32m  OK  [0m] Started Deferred execution scheduler.
         Starting /etc/rc.local Compatibility...
         Starting LSB: MD monitoring daemon...
[[0;32m  OK  [0m] Started D-Bus System Message Bus.
[    9.974271] cloud-init[937]: |      + .o    oo |
[   10.023102] cloud-init[937]: |        o.   *.=*|
[   10.024981] cloud-init[937]: |         o. = *oO|
[   10.026503] cloud-init[937]: |        S .+ * +*|
[[0;32m  OK  [0m[   10.045126] cloud-init[937]: |         .o +.o==|
] Started ACPI event daemon.
         Starting Pollinate to seed the pseudo random number generator...
         Starting LSB: Record successful boot for GRUB...
         Starting Login Service...[   10.046179] cloud-init[937]: |           = .+*=|
[   10.057333] cloud-init[937]: |            = .+=|
[   10.058384] cloud-init[937]: |          o+ .. E|
[   10.059565] cloud-init[937]: +----[SHA256]-----+

[[0;32m  OK  [0m] Started FUSE filesystem for LXC.
         Starting Snappy daemon...
         Starting LXD - container startup/shutdown...
[[0;32m  OK  [0m] Started System Logging Service.
[[0;32m  OK  [0m] Started /etc/rc.local Compatibility.
[[0;32m  OK  [0m] Started iSCSI initiator daemon (iscsid).
[   10.129771] cloud-init[937]: Generating public/private dsa key pair.
[   10.168371] cloud-init[937]: Your identification has been saved in /etc/ssh/ssh_host_dsa_key.
[[0;32m  OK  [0m] Started LSB: MD monitoring daemon.
[   10.210546] cloud-init[937]: Your public key has been saved in /etc/ssh/ssh_host_dsa_key.pub.
         Starting Authenticate and Authorize Users to Run Privileged Tasks...
         Starting Login to default iSCSI targets...
[[0;32m  OK  [0m] Started LSB: Record successful boot for GRUB.
[[0;32m  OK  [0m] Started LXD - container startup/shutdown.
[   10.218658] cloud-init[937]: The key fingerprint is:
[[0;32m  OK  [0m] Started Login Service.
[[0;32m  OK  [0m] Started Authenticate and Authorize Users to Run Privileged Tasks.
[[0;32m  OK  [0m] Started Virtualbox guest utils.
[[0;32m  OK  [0m] Started Accounts Service.
[   10.287797] cloud-init[937]: SHA256:fCSBomVQUXripLZU2Q7JSJgtYwi81ZwJIOE+LYtzCn4 root@ubuntu-xenial
[   10.315705] cloud-init[937]: The key's randomart image is:
[[0;32m  OK  [0m] Started Login to default iSCSI targets.
[[0;32m  OK  [0m] Started Snappy daemon.
[   10.351803] cloud-init[937]: +---[DSA 1024]----+
[   10.356450] cloud-init[937]: |B*++*o+..        |
[   10.360471] cloud-init[937]: |O+.++X.  .       |         Starting Wait until snapd is fully seeded...
[[0;32m  OK  [0m] Reached target Remote File Systems (Pre).
[[0;32m  OK  [0m] Reached target Remote File Systems.
[   10.364663] cloud-init[937]: |.+++X.o . .      |
[   10.366926] cloud-init[937]: |..o= = . o       |

         Starting Permit User Sessions...
         Starting LSB: automatic crash report generation...
         Starting LSB: daemon to balance interrupts for SMP systems...
         Starting LSB: Set the CPU Frequency Scaling governor to "ondemand"...
[[0;32m  OK  [0m] Started Permit User Sessions.
[   10.379856]          Starting Hold until boot process finishes up...
         Starting Terminate Plymouth Boot Screen...
cloud-init[937]: | ++.. . S .      |
[[0;32m  OK  [0m] Started Hold until boot process finishes up.
[   10.451928] cloud-init[937]: |.o+.     .       |
[[0;32m  OK  [0m] Started LSB: Set the CPU Frequency Scaling governor to "ondemand".
[   10.454767] cloud-init[937]: |+.o              |
[[0;32m  OK  [0m] Started Terminate Plymouth Boot Screen.
[   10.459754] cloud-init[937]: |o+ E             |
[[0;32m  OK  [0m] Started Serial Getty on ttyS0.
[   10.487947] cloud-init[937]: |...              |
         Starting Set console scheme...
[[0;32m  OK  [0m] Started Getty on tty1.
[   10.496776] cloud-init[937]: +----[SHA256]-----+
[[0;32m  OK  [0m] Reached target Login Prompts.
[[0;32m  OK  [0m[   10.507652] cloud-init[937]: Generating public/private ecdsa key pair.
[   10.558895] cloud-init[937]: Your identification has been saved in /etc/ssh/ssh_host_ecdsa_key.
[   10.559106] cloud-init[937]: Your public key has been saved in /etc/ssh/ssh_host_ecdsa_key.pub.
[   10.559275] cloud-init[937]: The key fingerprint is:
[   10.559417] cloud-init[937]: SHA256:W4StCxicZ2s8kzezqqaeqH5TXwPFgNQAor9qnNDBU10 root@ubuntu-xenial
[   10.559578] cloud-init[937]: The key's randomart image is:
[   10.559738] cloud-init[937]: +---[ECDSA 256]---+
[   10.559897] cloud-init[937]: | . .o++oE        |
[   10.560080] cloud-init[937]: |. ...o.. =       |
[   10.560262] cloud-init[937]: |.. .+ o o o      |
[   10.560440] cloud-init[937]: | .+  * + o       |
[   10.560563] cloud-init[937]: | ..o. O S .      |
[   10.560665] cloud-init[937]: |. .. o = X       |
[   10.560776] cloud-init[937]: |o o . . = .      |
[   10.560880] cloud-init[937]: | * +.  o         |
[   10.560983] cloud-init[937]: |Bo=oo..          |
[   10.561086] cloud-init[937]: +----[SHA256]-----+
[   10.561184] cloud-init[937]: Generating public/private ed25519 key pair.
[   10.561286] cloud-init[937]: Your identification has been saved in /etc/ssh/ssh_host_ed25519_key.
[   10.561388] cloud-init[937]: Your public key has been saved in /etc/ssh/ssh_host_ed25519_key.pub.
[   10.561557] cloud-init[937]: The key fingerprint is:
[   10.561671] cloud-init[937]: SHA256:XgXljQtu9A/C6nZ8SCXnx76KVlWe/wAxX6F1Gwy7uew root@ubuntu-xenial
[   10.561777] cloud-init[937]: The key's randomart image is:
[   10.561878] cloud-init[937]: +--[ED25519 256]--+
[   10.561982] cloud-init[937]: |          ....o+o|
[   10.562092] cloud-init[937]: |           ooo+.*|
[   10.563046] cloud-init[937]: |          o +*.=.|
[   10.563177] cloud-init[937]: |         +.++.=..|
[   10.563287] cloud-init[937]: |        S *=+*  .|
[   10.563439] cloud-init[937]: |       . +..+o= .|
[   10.563554] cloud-init[937]: |        oo o =...|
[   10.563699] cloud-init[937]: |       .. =.o . .|
[   10.563809] cloud-init[937]: |       ..o...E.. |
[   10.563910] cloud-init[937]: +----[SHA256]-----+
] Started LSB: automatic crash report generation.
[[0;32m  OK  [0m] Started LSB: daemon to balance interrupts for SMP systems.
[[0;32m  OK  [0m] Started Set console scheme.
[[0;32m  OK  [0m] Started Pollinate to seed the pseudo random number generator.
         Starting OpenBSD Secure Shell server...
[[0;32m  OK  [0m] Started OpenBSD Secure Shell server.
[[0;32m  OK  [0m] Created slice User Slice of vagrant.
[[0;32m  OK  [0m] Started Session 1 of user vagrant.
         Starting User Manager for UID 1000...
[[0;32m  OK  [0m] Started User Manager for UID 1000.
[[0;32m  OK  [0m] Started Wait until snapd is fully seeded.
         Starting Apply the settings specified in cloud-config...
[[0;32m  OK  [0m] Reached target Multi-User System.
[[0;32m  OK  [0m] Reached target Graphical Interface.
         Starting Update UTMP about System Runlevel Changes...
[[0;32m  OK  [0m] Started Update UTMP about System Runlevel Changes.
[   13.878696] cloud-init[1390]: Generating locales (this might take a while)...
[   14.428597] cloud-init[1390]:   en_US.UTF-8... done
[   14.464500] cloud-init[1390]: Generation complete.
[   14.680924] cloud-init[1390]: Cloud-init v. 18.3-9-g2e62cb8a-0ubuntu1~16.04.2 running 'modules:config' at Tue, 16 Oct 2018 18:33:02 +0000. Up 13.79 seconds.
[[0;32m  OK  [0m] Started Apply the settings specified in cloud-config.
         Starting Execute cloud user/final scripts...
ci-info: no authorized ssh keys fingerprints found for user ubuntu.
<14>Oct 16 18:33:04 ec2: 
<14>Oct 16 18:33:04 ec2: #############################################################
<14>Oct 16 18:33:04 ec2: -----BEGIN SSH HOST KEY FINGERPRINTS-----
<14>Oct 16 18:33:04 ec2: 1024 SHA256:fCSBomVQUXripLZU2Q7JSJgtYwi81ZwJIOE+LYtzCn4 root@ubuntu-xenial (DSA)
<14>Oct 16 18:33:04 ec2: 256 SHA256:W4StCxicZ2s8kzezqqaeqH5TXwPFgNQAor9qnNDBU10 root@ubuntu-xenial (ECDSA)
<14>Oct 16 18:33:04 ec2: 256 SHA256:XgXljQtu9A/C6nZ8SCXnx76KVlWe/wAxX6F1Gwy7uew root@ubuntu-xenial (ED25519)
<14>Oct 16 18:33:04 ec2: 2048 SHA256:BxOYXJN/6RXOjh5Rnt1hn7352JxwrrDuwdT3RtyxG/s root@ubuntu-xenial (RSA)
<14>Oct 16 18:33:04 ec2: -----END SSH HOST KEY FINGERPRINTS-----
<14>Oct 16 18:33:04 ec2: #############################################################
-----BEGIN SSH HOST KEY KEYS-----
ecdsa-sha2-nistp256 AAAAE2VjZHNhLXNoYTItbmlzdHAyNTYAAAAIbmlzdHAyNTYAAABBBPgCzfqroxvkH5yvoqsIXxEvvHvJBE1oNLDKUK66631FsAhYH5neAYGqySMcJ4yeGz/H2HWpnBCQmT9Y0ZqNEVo= root@ubuntu-xenial
ssh-ed25519 AAAAC3NzaC1lZDI1NTE5AAAAIP25HUe9pAdZw7Ctj1vPIgU1o790c6+t1C7liXerSk8c root@ubuntu-xenial
ssh-rsa AAAAB3NzaC1yc2EAAAADAQABAAABAQCz7pn26I7Ehr6/gN4dUvObgXr4Ccz+JSj8p+N+rU6EERY8ht6uyXplCEn7baL95IP7WElW61u/MC6IgIY14kbayzWz4KG1LwsTHL4M7MN2B/9TuiT4dPeVYEp1RcUsU+pEv/OvpsiI8EN+MhGnAOZbbBv8v5mb/tVm0QYbFAf+i9ClCgm1ZW5Y9hjkYHIx3e6XuSdqz9AHeXvh2BOyqkwpcyO5hp8Wls7uFEdYVlLjxIYAVb7m7ULAosCC48/RdQb/5unCtUSytUXaOEfrTr+VhnLS4C7hr2XesYKf9x7XfMJmi2NIiLv3VaS3sj6TVezrmlteIi+HGzLkpQAxvJ1Z root@ubuntu-xenial
-----END SSH HOST KEY KEYS-----
[   15.134623] cloud-init[1465]: Cloud-init v. 18.3-9-g2e62cb8a-0ubuntu1~16.04.2 running 'modules:final' at Tue, 16 Oct 2018 18:33:03 +0000. Up 14.97 seconds.
[   15.136992] cloud-init[1465]: ci-info: no authorized ssh keys fingerprints found for user ubuntu.
[   15.140286] cloud-init[1465]: Cloud-init v. 18.3-9-g2e62cb8a-0ubuntu1~16.04.2 finished at Tue, 16 Oct 2018 18:33:04 +0000. Datasource DataSourceNoCloud [seed=/dev/sdb][dsmode=net].  Up 15.13 seconds
[[0;32m  OK  [0m] Started Execute cloud user/final scripts.
[[0;32m  OK  [0m] Reached target Cloud-init target.

Ubuntu 16.04.5 LTS ubuntu-xenial ttyS0

ubuntu-xenial login:                             [ 1947.183888] Out of memory: Kill process 27944 (bundle) score 637 or sacrifice child
[ 1947.184898] Killed process 28477 (sh) total-vm:4504kB, anon-rss:72kB, file-rss:572kB
[ 1947.304035] Out of memory: Kill process 27944 (bundle) score 637 or sacrifice child
[ 1947.305180] Killed process 27944 (bundle) total-vm:899760kB, anon-rss:317004kB, file-rss:568kB
